INFO:MovingLogger:Произошло движение: 0, 1
INFO:MovingLogger:Произошло движение: 0, 2
INFO:MovingLogger:Произошло движение: 0, 3
INFO:MovingLogger:Произошло движение: 0, 4
INFO:MovingLogger:Произошло движение: 0, 5
INFO:MovingLogger:Произошло движение: 0, 6
INFO:MovingLogger:Произошло движение: 0, 7
INFO:MovingLogger:Произошло движение: 0, 8
INFO:MovingLogger:Произошло движение: 1, 8
INFO:MovingLogger:Произошло движение: 2, 8
INFO:MovingLogger:Произошло движение: 3, 8
INFO:MovingLogger:Произошло движение: 4, 8
INFO:MovingLogger:Произошло движение: 5, 8
INFO:MovingLogger:Произошло движение: 6, 8
INFO:MovingLogger:Произошло движение: 7, 8
INFO:MovingLogger:Произошло движение: 8, 8
INFO:MovingLogger:Произошло движение: 9, 8
INFO:MovingLogger:Произошло движение: 10, 8
INFO:MovingLogger:Произошло движение: 11, 8
INFO:MovingLogger:Произошло движение: 12, 8
INFO:MovingLogger:Произошло движение: 13, 8
INFO:MovingLogger:Произошло движение: 14, 8
INFO:MovingLogger:Произошло движение: 15, 9
INFO:MovingLogger:Произошло движение: 16, 10
INFO:MovingLogger:Произошло движение: 17, 11
INFO:MovingLogger:Произошло движение: 18, 12
INFO:MovingLogger:Произошло движение: 19, 13
INFO:MovingLogger:Произошло движение: 19, 14
INFO:MovingLogger:Произошло движение: 19, 15
INFO:MovingLogger:Произошло движение: 19, 16
INFO:MovingLogger:Произошло движение: 19, 17
INFO:MovingLogger:Произошло движение: 19, 18
INFO:MovingLogger:Произошло движение: 19, 19
INFO:MovingLogger:Произошло движение: 19, 20
INFO:MovingLogger:Произошло движение: 20, 21
INFO:MovingLogger:Произошло движение: 21, 22
INFO:MovingLogger:Произошло движение: 22, 23
INFO:MovingLogger:Произошло движение: 23, 24
INFO:MovingLogger:Произошло движение: 24, 25
INFO:MovingLogger:Произошло движение: 25, 26
INFO:MovingLogger:Произошло движение: 26, 27
INFO:MovingLogger:Произошло движение: 27, 28
INFO:MovingLogger:Произошло движение: 28, 29
INFO:MovingLogger:Произошло движение: 29, 30
INFO:MovingLogger:Произошло движение: 30, 31
INFO:MovingLogger:Произошло движение: 31, 32
INFO:MovingLogger:Произошло движение: 32, 33
INFO:MovingLogger:Произошло движение: 32, 34
INFO:MovingLogger:Произошло движение: 32, 35
INFO:MovingLogger:Произошло движение: 32, 36
INFO:MovingLogger:Произошло движение: 32, 37
INFO:MovingLogger:Произошло движение: 32, 38
INFO:MovingLogger:Произошло движение: 32, 39
INFO:MovingLogger:Произошло движение: 32, 40
INFO:MovingLogger:Произошло движение: 32, 41
INFO:MovingLogger:Произошло движение: 32, 42
INFO:MovingLogger:Произошло движение: 32, 43
INFO:MovingLogger:Произошло движение: 32, 44
INFO:MovingLogger:Произошло движение: 32, 45
INFO:MovingLogger:Произошло движение: 32, 46
INFO:MovingLogger:Произошло движение: 32, 47
INFO:MovingLogger:Произошло движение: 32, 48
INFO:MovingLogger:Произошло движение: 32, 49
INFO:MovingLogger:Произошло движение: 32, 50
INFO:MovingLogger:Произошло движение: 32, 51
INFO:MovingLogger:Произошло движение: 32, 52
INFO:MovingLogger:Произошло движение: 32, 53
INFO:MovingLogger:Произошло движение: 32, 54
INFO:MovingLogger:Произошло движение: 32, 55
INFO:MovingLogger:Произошло движение: 32, 56
INFO:MovingLogger:Произошло движение: 32, 57
INFO:MovingLogger:Произошло движение: 32, 58
INFO:MovingLogger:Произошло движение: 32, 59
INFO:MovingLogger:Произошло движение: 32, 60
INFO:MovingLogger:Произошло движение: 32, 61
INFO:MovingLogger:Произошло движение: 32, 62
INFO:MovingLogger:Произошло движение: 32, 63
INFO:MovingLogger:Произошло движение: 32, 64
INFO:MovingLogger:Произошло движение: 32, 65
INFO:MovingLogger:Произошло движение: 32, 66
INFO:MovingLogger:Произошло движение: 32, 67
INFO:MovingLogger:Произошло движение: 32, 68
INFO:MovingLogger:Произошло движение: 32, 69
INFO:MovingLogger:Произошло движение: 32, 70
INFO:MovingLogger:Произошло движение: 33, 71
INFO:MovingLogger:Произошло движение: 34, 71
INFO:MovingLogger:Произошло движение: 35, 71
INFO:MovingLogger:Произошло движение: 36, 71
INFO:MovingLogger:Произошло движение: 37, 71
INFO:MovingLogger:Произошло движение: 38, 71
INFO:MovingLogger:Произошло движение: 39, 71
INFO:MovingLogger:Произошло движение: 40, 71
INFO:MovingLogger:Произошло движение: 41, 71
INFO:MovingLogger:Произошло движение: 42, 71
INFO:MovingLogger:Произошло движение: 43, 71
INFO:MovingLogger:Произошло движение: 44, 71
INFO:MovingLogger:Произошло движение: 45, 71
INFO:MovingLogger:Произошло движение: 46, 71
INFO:MovingLogger:Произошло движение: 47, 71
INFO:MovingLogger:Произошло движение: 48, 71
INFO:MovingLogger:Произошло движение: 49, 71
INFO:MovingLogger:Произошло движение: 50, 71
INFO:MovingLogger:Произошло движение: 51, 71
INFO:MovingLogger:Произошло движение: 52, 71
INFO:MovingLogger:Произошло движение: 53, 71
INFO:MovingLogger:Произошло движение: 54, 71
INFO:MovingLogger:Произошло движение: 55, 71
INFO:MovingLogger:Произошло движение: 56, 71
INFO:MovingLogger:Произошло движение: 57, 71
INFO:MovingLogger:Произошло движение: 58, 71
INFO:MovingLogger:Произошло движение: 59, 71
INFO:MovingLogger:Произошло движение: 60, 71
INFO:MovingLogger:Произошло движение: 61, 71
INFO:MovingLogger:Произошло движение: 62, 71
INFO:MovingLogger:Произошло движение: 63, 71
INFO:MovingLogger:Произошло движение: 64, 71
INFO:MovingLogger:Произошло движение: 65, 71
INFO:MovingLogger:Произошло движение: 66, 71
INFO:MovingLogger:Произошло движение: 67, 71
INFO:MovingLogger:Произошло движение: 68, 71
INFO:MovingLogger:Произошло движение: 69, 71
INFO:MovingLogger:Произошло движение: 70, 71
INFO:MovingLogger:Произошло движение: 71, 71
INFO:MovingLogger:Произошло движение: 72, 71
INFO:MovingLogger:Произошло движение: 73, 71
INFO:MovingLogger:Произошло движение: 74, 71
INFO:MovingLogger:Произошло движение: 75, 71
INFO:MovingLogger:Произошло движение: 76, 71
INFO:MovingLogger:Произошло движение: 77, 71
INFO:MovingLogger:Произошло движение: 78, 71
INFO:MovingLogger:Произошло движение: 79, 71
INFO:MovingLogger:Произошло движение: 80, 71
INFO:MovingLogger:Произошло движение: 81, 71
INFO:MovingLogger:Произошло движение: 82, 71
INFO:MovingLogger:Произошло движение: 83, 71
INFO:MovingLogger:Произошло движение: 83, 70
INFO:MovingLogger:Произошло движение: 83, 69
INFO:MovingLogger:Произошло движение: 83, 68
INFO:MovingLogger:Произошло движение: 83, 67
INFO:MovingLogger:Произошло движение: 83, 66
INFO:MovingLogger:Произошло движение: 83, 65
INFO:MovingLogger:Произошло движение: 83, 64
INFO:MovingLogger:Произошло движение: 83, 63
INFO:MovingLogger:Произошло движение: 83, 62
INFO:MovingLogger:Произошло движение: 83, 61
INFO:MovingLogger:Произошло движение: 83, 60
INFO:MovingLogger:Произошло движение: 83, 59
INFO:MovingLogger:Произошло движение: 83, 58
INFO:MovingLogger:Произошло движение: 83, 57
INFO:MovingLogger:Произошло движение: 83, 56
INFO:MovingLogger:Произошло движение: 83, 55
INFO:MovingLogger:Произошло движение: 83, 54
INFO:MovingLogger:Произошло движение: 83, 53
INFO:MovingLogger:Произошло движение: 83, 52
INFO:MovingLogger:Произошло движение: 83, 51
